Fri Mar 19 14:24:05 EDT 2021	EDTA_raw: Check dependencies, prepare working directories.

Fri Mar 19 14:24:22 EDT 2021	Start to find LTR candidates.

Fri Mar 19 14:24:22 EDT 2021	Existing result file Vaccinium_corymbosum.faa.mod.LTR.raw.fa found!
				Will keep this file without rerunning this module.
				Please specify --overwrite 1 if you want to rerun this module.

Fri Mar 19 14:24:22 EDT 2021	Finish finding LTR candidates.

Fri Mar 19 14:24:22 EDT 2021	Start to find TIR candidates.

Fri Mar 19 14:24:22 EDT 2021	Existing result file Vaccinium_corymbosum.faa.mod.TIR.raw.fa found!
				Will keep this file without rerunning this module.
				Please specify --overwrite 1 if you want to rerun this module.

Fri Mar 19 14:24:23 EDT 2021	Finish finding TIR candidates.

Fri Mar 19 14:24:23 EDT 2021	Start to find Helitron candidates.

Fri Mar 19 14:24:23 EDT 2021	Existing result file Vaccinium_corymbosum.faa.mod.Helitron.raw.fa found!
				Will keep this file without rerunning this module.
				Please specify --overwrite 1 if you want to rerun this module.

Fri Mar 19 14:24:23 EDT 2021	Finish finding Helitron candidates.

Fri Mar 19 14:24:23 EDT 2021	Execution of EDTA_raw.pl is finished!

2021-03-22 05:10:26,670 -WARNING- Grid computing is not available because DRMAA not configured properly: Could not find drmaa library.  Please specify its full path using the environment variable DRMAA_LIBRARY_PATH
2021-03-22 05:10:26,790 -INFO- VARS: {'sequence': 'Vaccinium_corymbosum.faa.mod.RM.consensi.fa', 'hmm_database': 'rexdb', 'seq_type': 'nucl', 'prefix': 'Vaccinium_corymbosum.faa.mod.RM.consensi.fa.rexdb', 'force_write_hmmscan': False, 'processors': 25, 'tmp_dir': './tmp', 'min_coverage': 20, 'max_evalue': 0.001, 'disable_pass2': False, 'pass2_rule': '80-80-80', 'no_library': False, 'no_reverse': False, 'no_cleanup': False, 'p2_identity': 80.0, 'p2_coverage': 80.0, 'p2_length': 80.0}
2021-03-22 05:10:26,791 -INFO- checking dependencies:
2021-03-22 05:10:26,853 -INFO- hmmer	3.3.1	OK
2021-03-22 05:10:26,928 -INFO- blastn	2.10.0+	OK
2021-03-22 05:10:26,930 -INFO- check database rexdb
2021-03-22 05:10:26,931 -INFO- db path: /mnt/ufs18/home-115/teresisc/anaconda3/envs/EDTA/lib/python3.6/site-packages/TEsorter/database
2021-03-22 05:10:26,931 -INFO- db file: REXdb_protein_database_viridiplantae_v3.0_plus_metazoa_v3.hmm
2021-03-22 05:10:26,931 -INFO- REXdb_protein_database_viridiplantae_v3.0_plus_metazoa_v3.hmm	OK
2021-03-22 05:10:26,932 -INFO- Start classifying pipeline
2021-03-22 05:10:27,158 -INFO- total 1863 sequences
2021-03-22 05:10:27,159 -INFO- translating `Vaccinium_corymbosum.faa.mod.RM.consensi.fa` in six frames
/mnt/home/teresisc/anaconda3/envs/EDTA/lib/python3.6/site-packages/Bio/Seq.py:2338: BiopythonWarning: Partial codon, len(sequence) not a multiple of three. Explicitly trim the sequence or add trailing N before translation. This may become an error in future.
  BiopythonWarning,
2021-03-22 05:10:30,776 -INFO- HMM scanning against `/mnt/ufs18/home-115/teresisc/anaconda3/envs/EDTA/lib/python3.6/site-packages/TEsorter/database/REXdb_protein_database_viridiplantae_v3.0_plus_metazoa_v3.hmm`
2021-03-22 05:10:30,889 -INFO- Creating server instance (pp-1.6.4.4)
2021-03-22 05:10:30,890 -INFO- Running on Python 3.6.12 linux
2021-03-22 05:10:32,419 -INFO- pp local server started with 25 workers
2021-03-22 05:10:32,511 -INFO- Task 0 started
2021-03-22 05:10:32,512 -INFO- Task 1 started
2021-03-22 05:10:32,512 -INFO- Task 2 started
2021-03-22 05:10:32,512 -INFO- Task 3 started
2021-03-22 05:10:32,512 -INFO- Task 4 started
2021-03-22 05:10:32,512 -INFO- Task 5 started
2021-03-22 05:10:32,513 -INFO- Task 6 started
2021-03-22 05:10:32,513 -INFO- Task 7 started
2021-03-22 05:10:32,513 -INFO- Task 8 started
2021-03-22 05:10:32,513 -INFO- Task 9 started
2021-03-22 05:10:32,514 -INFO- Task 10 started
2021-03-22 05:10:32,514 -INFO- Task 11 started
2021-03-22 05:10:32,514 -INFO- Task 12 started
2021-03-22 05:10:32,514 -INFO- Task 13 started
2021-03-22 05:10:32,515 -INFO- Task 14 started
2021-03-22 05:10:32,515 -INFO- Task 15 started
2021-03-22 05:10:32,515 -INFO- Task 16 started
2021-03-22 05:10:32,515 -INFO- Task 17 started
2021-03-22 05:10:32,515 -INFO- Task 18 started
2021-03-22 05:10:32,516 -INFO- Task 19 started
2021-03-22 05:10:32,516 -INFO- Task 20 started
2021-03-22 05:10:32,516 -INFO- Task 21 started
2021-03-22 05:10:32,516 -INFO- Task 22 started
2021-03-22 05:10:32,516 -INFO- Task 23 started
2021-03-22 05:10:32,516 -INFO- Task 24 started
2021-03-22 05:11:36,875 -INFO- generating gene anntations
2021-03-22 05:11:36,991 -INFO- 65 sequences classified by HMM
2021-03-22 05:11:36,992 -INFO- see protein domain sequences in `Vaccinium_corymbosum.faa.mod.RM.consensi.fa.rexdb.dom.faa` and annotation gff3 file in `Vaccinium_corymbosum.faa.mod.RM.consensi.fa.rexdb.dom.gff3`
2021-03-22 05:11:36,992 -INFO- classifying the unclassified sequences by searching against the classified ones
2021-03-22 05:11:37,062 -INFO- using the 80-80-80 rule
2021-03-22 05:11:37,062 -INFO- run CMD: `makeblastdb -in ./tmp/pass1_classified.fa -dbtype nucl`
2021-03-22 05:11:37,261 -INFO- run CMD: `blastn -query ./tmp/pass1_unclassified.fa -db ./tmp/pass1_classified.fa -out ./tmp/pass1_unclassified.fa.blastout -outfmt '6 qseqid sseqid pident length mismatch gapopen qstart qend sstart send evalue bitscore qlen slen qcovs qcovhsp sstrand' -num_threads 25`
2021-03-22 05:11:37,863 -INFO- 0 sequences classified in pass 2
2021-03-22 05:11:37,863 -INFO- total 65 sequences classified.
2021-03-22 05:11:37,863 -INFO- see classified sequences in `Vaccinium_corymbosum.faa.mod.RM.consensi.fa.rexdb.cls.tsv`
2021-03-22 05:11:37,864 -INFO- writing library for RepeatMasker in `Vaccinium_corymbosum.faa.mod.RM.consensi.fa.rexdb.cls.lib`
2021-03-22 05:11:37,916 -INFO- writing classified protein domains in `Vaccinium_corymbosum.faa.mod.RM.consensi.fa.rexdb.cls.pep`
2021-03-22 05:11:37,919 -INFO- Summary of classifications:
Order           Superfamily      # of Sequences# of Clade Sequences    # of Clades# of full Domains
LTR             Copia                         3              3              3              0
LTR             Gypsy                         7              7              3              0
pararetrovirus  unknown                       4              0              0              0
LINE            unknown                      33              0              0              0
TIR             EnSpm_CACTA                   4              0              0              0
TIR             MuDR_Mutator                  6              0              0              0
TIR             PIF_Harbinger                 4              0              0              0
TIR             hAT                           1              0              0              0
Helitron        unknown                       1              0              0              0
Maverick        unknown                       2              0              0              0
2021-03-22 05:11:37,919 -INFO- Pipeline done.
2021-03-22 05:11:37,919 -INFO- cleaning the temporary directory ./tmp
2021-03-22 05:38:16,833 -WARNING- Grid computing is not available because DRMAA not configured properly: Could not find drmaa library.  Please specify its full path using the environment variable DRMAA_LIBRARY_PATH
2021-03-22 05:38:16,855 -INFO- VARS: {'sequence': 'Vacc_c_CoGe_CDS.fasta.code', 'hmm_database': 'rexdb', 'seq_type': 'nucl', 'prefix': 'Vacc_c_CoGe_CDS.fasta.code.rexdb', 'force_write_hmmscan': False, 'processors': 25, 'tmp_dir': './tmp', 'min_coverage': 20, 'max_evalue': 0.001, 'disable_pass2': False, 'pass2_rule': '80-80-80', 'no_library': False, 'no_reverse': False, 'no_cleanup': False, 'p2_identity': 80.0, 'p2_coverage': 80.0, 'p2_length': 80.0}
2021-03-22 05:38:16,855 -INFO- checking dependencies:
2021-03-22 05:38:16,865 -INFO- hmmer	3.3.1	OK
2021-03-22 05:38:16,912 -INFO- blastn	2.10.0+	OK
2021-03-22 05:38:16,915 -INFO- check database rexdb
2021-03-22 05:38:16,915 -INFO- db path: /mnt/ufs18/home-115/teresisc/anaconda3/envs/EDTA/lib/python3.6/site-packages/TEsorter/database
2021-03-22 05:38:16,916 -INFO- db file: REXdb_protein_database_viridiplantae_v3.0_plus_metazoa_v3.hmm
2021-03-22 05:38:16,916 -INFO- REXdb_protein_database_viridiplantae_v3.0_plus_metazoa_v3.hmm	OK
2021-03-22 05:38:16,916 -INFO- Start classifying pipeline
2021-03-22 05:38:17,821 -INFO- total 128559 sequences
2021-03-22 05:38:17,822 -INFO- translating `Vacc_c_CoGe_CDS.fasta.code` in six frames
/mnt/home/teresisc/anaconda3/envs/EDTA/lib/python3.6/site-packages/Bio/Seq.py:2338: BiopythonWarning: Partial codon, len(sequence) not a multiple of three. Explicitly trim the sequence or add trailing N before translation. This may become an error in future.
  BiopythonWarning,
2021-03-22 05:40:55,845 -INFO- HMM scanning against `/mnt/ufs18/home-115/teresisc/anaconda3/envs/EDTA/lib/python3.6/site-packages/TEsorter/database/REXdb_protein_database_viridiplantae_v3.0_plus_metazoa_v3.hmm`
2021-03-22 05:41:02,300 -INFO- Creating server instance (pp-1.6.4.4)
2021-03-22 05:41:02,301 -INFO- Running on Python 3.6.12 linux
2021-03-22 05:41:03,776 -INFO- pp local server started with 25 workers
2021-03-22 05:41:03,795 -INFO- Task 0 started
2021-03-22 05:41:03,795 -INFO- Task 1 started
2021-03-22 05:41:03,795 -INFO- Task 2 started
2021-03-22 05:41:03,796 -INFO- Task 3 started
2021-03-22 05:41:03,796 -INFO- Task 4 started
2021-03-22 05:41:03,796 -INFO- Task 5 started
2021-03-22 05:41:03,796 -INFO- Task 6 started
2021-03-22 05:41:03,797 -INFO- Task 7 started
2021-03-22 05:41:03,797 -INFO- Task 8 started
2021-03-22 05:41:03,797 -INFO- Task 9 started
2021-03-22 05:41:03,798 -INFO- Task 10 started
2021-03-22 05:41:03,798 -INFO- Task 11 started
2021-03-22 05:41:03,798 -INFO- Task 12 started
2021-03-22 05:41:03,798 -INFO- Task 13 started
2021-03-22 05:41:03,798 -INFO- Task 14 started
2021-03-22 05:41:03,798 -INFO- Task 15 started
2021-03-22 05:41:03,798 -INFO- Task 16 started
2021-03-22 05:41:03,799 -INFO- Task 17 started
2021-03-22 05:41:03,799 -INFO- Task 18 started
2021-03-22 05:41:03,799 -INFO- Task 19 started
2021-03-22 05:41:03,799 -INFO- Task 20 started
2021-03-22 05:41:03,799 -INFO- Task 21 started
2021-03-22 05:41:03,800 -INFO- Task 22 started
2021-03-22 05:41:03,800 -INFO- Task 23 started
2021-03-22 05:41:03,800 -INFO- Task 24 started
2021-03-22 06:53:52,251 -INFO- generating gene anntations
2021-03-22 06:53:59,886 -INFO- 2525 sequences classified by HMM
2021-03-22 06:53:59,886 -INFO- see protein domain sequences in `Vacc_c_CoGe_CDS.fasta.code.rexdb.dom.faa` and annotation gff3 file in `Vacc_c_CoGe_CDS.fasta.code.rexdb.dom.gff3`
2021-03-22 06:53:59,886 -INFO- classifying the unclassified sequences by searching against the classified ones
2021-03-22 06:54:03,520 -INFO- using the 80-80-80 rule
2021-03-22 06:54:03,520 -INFO- run CMD: `makeblastdb -in ./tmp/pass1_classified.fa -dbtype nucl`
2021-03-22 06:54:03,768 -INFO- run CMD: `blastn -query ./tmp/pass1_unclassified.fa -db ./tmp/pass1_classified.fa -out ./tmp/pass1_unclassified.fa.blastout -outfmt '6 qseqid sseqid pident length mismatch gapopen qstart qend sstart send evalue bitscore qlen slen qcovs qcovhsp sstrand' -num_threads 25`
2021-03-22 06:54:35,505 -INFO- 1910 sequences classified in pass 2
2021-03-22 06:54:35,507 -INFO- total 4435 sequences classified.
2021-03-22 06:54:35,508 -INFO- see classified sequences in `Vacc_c_CoGe_CDS.fasta.code.rexdb.cls.tsv`
2021-03-22 06:54:35,508 -INFO- writing library for RepeatMasker in `Vacc_c_CoGe_CDS.fasta.code.rexdb.cls.lib`
2021-03-22 06:54:38,360 -INFO- writing classified protein domains in `Vacc_c_CoGe_CDS.fasta.code.rexdb.cls.pep`
2021-03-22 06:54:38,419 -INFO- Summary of classifications:
Order           Superfamily      # of Sequences# of Clade Sequences    # of Clades# of full Domains
LTR             Bel-Pao                      28              0              0              0
LTR             Copia                       854            324             16              0
LTR             Gypsy                      1009            392             17              0
LTR             Retrovirus                   13              0              0              0
LTR             mixture                      16              0              0              0
pararetrovirus  unknown                      20              0              0              0
DIRS            unknown                      18              0              0              0
Penelope        unknown                       5              0              0              0
LINE            unknown                    1628              0              0              0
TIR             EnSpm_CACTA                   3              0              0              0
TIR             MuDR_Mutator                 86              0              0              0
TIR             Novosib                       1              0              0              0
TIR             PIF_Harbinger                45              0              0              0
TIR             Sola2                        46              0              0              0
TIR             Tc1_Mariner                   5              0              0              0
TIR             hAT                          42              0              0              0
Helitron        unknown                      12              0              0              0
Maverick        unknown                     578              0              0              0
mixture         mixture                      26              0              0              0
2021-03-22 06:54:38,423 -INFO- Pipeline done.
2021-03-22 06:54:38,424 -INFO- cleaning the temporary directory ./tmp
Mon Mar 22 09:24:38 EDT 2021	Homology-based annotation of TEs using Vaccinium_corymbosum.faa.mod.EDTA.TElib.fa from scratch.

